2025-09-13 21:32:58,011 - INFO - Database initialized successfully.
2025-09-13 21:35:42,632 - INFO - Database initialized successfully.
2025-09-13 21:37:15,874 - INFO - Database initialized successfully.
2025-09-13 21:41:34,838 - INFO - Database initialized successfully.
2025-09-13 21:43:04,375 - INFO - Database initialized successfully.
2025-09-13 21:43:18,238 - INFO - Database initialized successfully.
2025-09-13 21:43:46,259 - INFO - Database initialized successfully.
2025-09-13 21:44:53,653 - INFO - Database initialized successfully.
2025-09-13 21:45:39,541 - INFO - Database initialized successfully.
2025-09-13 21:48:08,927 - INFO - Database initialized successfully.
2025-09-13 21:49:48,045 - WARNING - Failed to find selectors for URL: https://amzn.in/d/5kVmvRl
2025-09-13 21:51:24,508 - WARNING - Failed to find selectors for URL: https://amzn.in/d/5kVmvRl
2025-09-13 21:51:54,033 - INFO - Database initialized successfully.
2025-09-13 21:52:26,718 - INFO - Scraped from Amazon: Titan Analog OffWhite Dial Men's Watch NM1712YM02 / NL1712YM02 at \u20b92145.0
2025-09-13 21:52:37,340 - INFO - Scraped from Amazon: Titan Analog OffWhite Dial Men's Watch NM1712YM02 / NL1712YM02 at \u20b92145.0
2025-09-13 21:52:37,371 - INFO - Notification sent: Price Drop Alert! | The price of Titan Analog OffWhite Dial Men's Watch NM1712YM02 / NL1712YM02 has dropped to \u20b92145.0!
Original target was \u20b92255.0.
2025-09-13 21:54:39,444 - INFO - Database initialized successfully.
2025-09-13 21:57:36,304 - INFO - Database initialized successfully.
2025-09-13 21:58:37,667 - INFO - Database initialized successfully.
2025-09-13 21:59:34,600 - INFO - Scraped from Amazon: Titan Analog OffWhite Dial Men's Watch NM1712YM02 / NL1712YM02 at \u20b92145.0
2025-09-13 21:59:34,620 - INFO - Notification sent: Price Drop Alert! | The price of Titan Analog OffWhite Dial Men's Watch NM1712YM02 / NL1712YM02 has dropped to \u20b92145.0!
Original target was \u20b92255.0.
2025-09-13 22:02:42,185 - INFO - Database initialized successfully.
2025-09-13 22:04:29,678 - INFO - Database initialized successfully.
2025-09-13 22:05:56,891 - INFO - Scraped from Amazon: Daniel Hechter Paris Bercy Collection Modern Multi Functional Watch for Men with Square Dial and Silicon Band-DHM1001 at \u20b92699.0
2025-09-13 22:06:07,590 - INFO - Scraped from Amazon: Daniel Hechter Paris Bercy Collection Modern Multi Functional Watch for Men with Square Dial and Silicon Band-DHM1001 at \u20b92699.0
2025-09-13 22:06:16,921 - INFO - Scraped from Amazon: Daniel Hechter Paris Bercy Collection Modern Multi Functional Watch for Men with Square Dial and Silicon Band-DHM1001 at \u20b92699.0
2025-09-13 22:06:41,609 - INFO - Scraped from Amazon: Daniel Hechter Paris Bercy Collection Modern Multi Functional Watch for Men with Square Dial and Silicon Band-DHM1001 at \u20b92699.0
2025-09-13 22:14:12,663 - INFO - Successfully connected to MongoDB.
2025-09-13 22:14:18,824 - INFO - Successfully connected to MongoDB.
2025-09-13 22:15:07,078 - INFO - Successfully connected to MongoDB.
2025-09-13 22:15:15,860 - INFO - Successfully connected to MongoDB.
2025-09-13 22:18:40,822 - INFO - Successfully connected to MongoDB.
2025-09-13 22:18:47,683 - INFO - Successfully connected to MongoDB.
2025-09-13 22:18:49,740 - INFO - Successfully connected to MongoDB.
2025-09-13 22:18:51,536 - INFO - Successfully connected to MongoDB.
2025-09-13 22:18:53,333 - INFO - Successfully connected to MongoDB.
2025-09-13 22:19:32,063 - INFO - Scraped from Amazon: Daniel Hechter Paris Bercy Collection Modern Multi Functional Watch for Men with Square Dial and Silicon Band-DHM1001 at \u20b92699.0
2025-09-13 22:19:33,943 - INFO - Successfully connected to MongoDB.
2025-09-13 22:19:35,981 - INFO - Successfully connected to MongoDB.
2025-09-13 22:19:39,383 - INFO - Successfully connected to MongoDB.
2025-09-13 22:19:46,484 - INFO - Successfully connected to MongoDB.
2025-09-13 22:19:48,686 - INFO - Successfully connected to MongoDB.
2025-09-13 22:19:51,894 - INFO - Scraped from Amazon: Daniel Hechter Paris Bercy Collection Modern Multi Functional Watch for Men with Square Dial and Silicon Band-DHM1001 at \u20b92699.0
2025-09-13 22:19:51,915 - INFO - Notification sent: Price Drop Alert! | The price of Daniel Hechter Paris Bercy Collection Modern Multi Functional Watch for Men with Square Dial and Silicon Band-DHM1001 has dropped to \u20b92699.0!
Original target was \u20b92699.0.
2025-09-13 22:19:56,968 - INFO - Successfully connected to MongoDB.
2025-09-13 22:19:58,983 - INFO - Successfully connected to MongoDB.
2025-09-13 22:20:04,784 - INFO - Successfully connected to MongoDB.
2025-09-13 22:22:38,155 - INFO - Successfully connected to MongoDB.
2025-09-13 22:22:40,697 - INFO - Successfully connected to MongoDB.
2025-09-13 22:22:42,500 - INFO - Successfully connected to MongoDB.
2025-09-13 22:22:45,636 - INFO - Scraped from Amazon: Daniel Hechter Paris Bercy Collection Modern Multi Functional Watch for Men with Square Dial and Silicon Band-DHM1001 at \u20b92699.0
2025-09-13 22:22:45,655 - INFO - Notification sent: Price Drop Alert! | The price of Daniel Hechter Paris Bercy Collection Modern Multi Functional Watch for Men with Square Dial and Silicon Band-DHM1001 has dropped to \u20b92699.0!
Original target was \u20b92699.0.
2025-09-13 22:22:47,136 - INFO - Successfully connected to MongoDB.
2025-09-13 22:22:48,741 - INFO - Successfully connected to MongoDB.
2025-09-13 22:23:14,576 - INFO - Successfully connected to MongoDB.
2025-09-13 22:23:16,237 - INFO - Successfully connected to MongoDB.
2025-09-13 22:25:45,969 - INFO - Successfully connected to MongoDB.
2025-09-13 22:25:47,809 - INFO - Successfully connected to MongoDB.
2025-09-13 22:25:49,733 - INFO - Successfully connected to MongoDB.
2025-09-13 22:25:54,242 - INFO - Scraped from Amazon: Daniel Hechter Paris Bercy Collection Modern Multi Functional Watch for Men with Square Dial and Silicon Band-DHM1001 at \u20b92699.0
2025-09-13 22:25:54,244 - INFO - Notification sent: Price Drop Alert! | The price of Daniel Hechter Paris Bercy Collection Modern Multi Functional Watch for Men with Square Dial and Silicon Band-DHM1001 has dropped to \u20b92699.0!
Original target was \u20b92699.0.
2025-09-13 22:25:56,857 - INFO - Successfully connected to MongoDB.
2025-09-13 22:25:57,006 - INFO - Successfully connected to MongoDB.
2025-09-13 22:25:58,818 - INFO - Successfully connected to MongoDB.
2025-09-13 22:26:15,230 - INFO - Successfully connected to MongoDB.
2025-09-13 22:26:44,862 - INFO - Successfully connected to MongoDB.
2025-09-13 22:26:53,183 - INFO - Successfully connected to MongoDB.
2025-09-13 22:27:00,996 - INFO - Successfully connected to MongoDB.
